<?xml version="1.0" encoding="UTF-8"?>
<robot generator="Robot 3.2.2 (Python 3.8.5 on win32)" generated="20210131 00:13:28.017" rpa="false">
<suite id="s1" name="Login" source="C:\Users\hp\Desktop\WikipediaAutomation\WikipediaAutomation\Scripts\Login.robot">
<test id="s1-t1" name="Login with Valid Credentials">
<kw name="Login To Application" library="Keyword.robot">
<arguments>
<arg>drongarg</arg>
<arg>Yeknod@123</arg>
</arguments>
<kw name="Open Browser" library="SeleniumLibrary">
<doc>Opens a new browser instance to the optional ``url``.</doc>
<arguments>
<arg>${url}</arg>
<arg>chrome</arg>
<arg>options=add_argument("disable-infobars"); add_argument("--ignore-certificate-errors")</arg>
</arguments>
<msg timestamp="20210131 00:13:29.044" level="INFO">Opening browser 'chrome' to base url 'https://en.wikipedia.org/wiki/Wikipedia'.</msg>
<status status="PASS" starttime="20210131 00:13:29.044" endtime="20210131 00:13:35.989"></status>
</kw>
<kw name="Set Browser Implicit Wait" library="SeleniumLibrary">
<doc>Sets the implicit wait value used by Selenium.</doc>
<arguments>
<arg>8s</arg>
</arguments>
<status status="PASS" starttime="20210131 00:13:35.989" endtime="20210131 00:13:35.989"></status>
</kw>
<kw name="Maximize Browser Window" library="SeleniumLibrary">
<doc>Maximizes current browser window.</doc>
<status status="PASS" starttime="20210131 00:13:35.989" endtime="20210131 00:13:38.171"></status>
</kw>
<kw name="Click Element" library="SeleniumLibrary">
<doc>Click the element identified by ``locator``.</doc>
<arguments>
<arg>${lnk_Login}</arg>
</arguments>
<msg timestamp="20210131 00:13:38.171" level="INFO">Clicking element '//a[text()='Log in']'.</msg>
<status status="PASS" starttime="20210131 00:13:38.171" endtime="20210131 00:13:39.360"></status>
</kw>
<kw name="Sleep" library="BuiltIn">
<doc>Pauses the test executed for the given time.</doc>
<arguments>
<arg>2s</arg>
</arguments>
<msg timestamp="20210131 00:13:41.365" level="INFO">Slept 2 seconds</msg>
<status status="PASS" starttime="20210131 00:13:39.360" endtime="20210131 00:13:41.365"></status>
</kw>
<kw name="Input Text" library="SeleniumLibrary">
<doc>Types the given ``text`` into the text field identified by ``locator``.</doc>
<arguments>
<arg>${input_username}</arg>
<arg>${username}</arg>
</arguments>
<msg timestamp="20210131 00:13:41.365" level="INFO">Typing text 'drongarg' into text field '//input[@id='wpName1']'.</msg>
<status status="PASS" starttime="20210131 00:13:41.365" endtime="20210131 00:13:41.450"></status>
</kw>
<kw name="Input Text" library="SeleniumLibrary">
<doc>Types the given ``text`` into the text field identified by ``locator``.</doc>
<arguments>
<arg>${input_password}</arg>
<arg>${password}</arg>
</arguments>
<msg timestamp="20210131 00:13:41.450" level="INFO">Typing text 'Yeknod@123' into text field '//input[@id='wpPassword1']'.</msg>
<status status="PASS" starttime="20210131 00:13:41.450" endtime="20210131 00:13:41.550"></status>
</kw>
<kw name="Sleep" library="BuiltIn">
<doc>Pauses the test executed for the given time.</doc>
<arguments>
<arg>3s</arg>
</arguments>
<msg timestamp="20210131 00:13:44.568" level="INFO">Slept 3 seconds</msg>
<status status="PASS" starttime="20210131 00:13:41.550" endtime="20210131 00:13:44.568"></status>
</kw>
<kw name="Click Element" library="SeleniumLibrary">
<doc>Click the element identified by ``locator``.</doc>
<arguments>
<arg>${btn_login}</arg>
</arguments>
<msg timestamp="20210131 00:13:44.568" level="INFO">Clicking element '//button[@id='wpLoginAttempt']'.</msg>
<status status="PASS" starttime="20210131 00:13:44.568" endtime="20210131 00:13:53.572"></status>
</kw>
<status status="PASS" starttime="20210131 00:13:29.044" endtime="20210131 00:13:53.572"></status>
</kw>
<kw name="Logout" library="Keyword.robot">
<kw name="Wait Until Element Is Visible" library="SeleniumLibrary">
<doc>Waits until the element ``locator`` is visible.</doc>
<arguments>
<arg>${lnk_logout}</arg>
<arg>50s</arg>
</arguments>
<status status="PASS" starttime="20210131 00:13:53.579" endtime="20210131 00:13:53.627"></status>
</kw>
<kw name="Click Element" library="SeleniumLibrary">
<doc>Click the element identified by ``locator``.</doc>
<arguments>
<arg>${lnk_logout}</arg>
</arguments>
<msg timestamp="20210131 00:13:53.627" level="INFO">Clicking element '//a[@title='Log out']'.</msg>
<status status="PASS" starttime="20210131 00:13:53.627" endtime="20210131 00:13:53.675"></status>
</kw>
<status status="PASS" starttime="20210131 00:13:53.579" endtime="20210131 00:13:53.675"></status>
</kw>
<status status="PASS" starttime="20210131 00:13:29.044" endtime="20210131 00:13:53.675" critical="yes"></status>
</test>
<test id="s1-t2" name="Login with Invalid Credentials">
<kw name="Login To Application" library="Keyword.robot">
<arguments>
<arg>drongarg</arg>
<arg>Yeknod@12344</arg>
</arguments>
<kw name="Open Browser" library="SeleniumLibrary">
<doc>Opens a new browser instance to the optional ``url``.</doc>
<arguments>
<arg>${url}</arg>
<arg>chrome</arg>
<arg>options=add_argument("disable-infobars"); add_argument("--ignore-certificate-errors")</arg>
</arguments>
<msg timestamp="20210131 00:13:53.683" level="INFO">Opening browser 'chrome' to base url 'https://en.wikipedia.org/wiki/Wikipedia'.</msg>
<status status="PASS" starttime="20210131 00:13:53.683" endtime="20210131 00:13:59.578"></status>
</kw>
<kw name="Set Browser Implicit Wait" library="SeleniumLibrary">
<doc>Sets the implicit wait value used by Selenium.</doc>
<arguments>
<arg>8s</arg>
</arguments>
<status status="PASS" starttime="20210131 00:13:59.578" endtime="20210131 00:13:59.594"></status>
</kw>
<kw name="Maximize Browser Window" library="SeleniumLibrary">
<doc>Maximizes current browser window.</doc>
<status status="PASS" starttime="20210131 00:13:59.594" endtime="20210131 00:14:02.097"></status>
</kw>
<kw name="Click Element" library="SeleniumLibrary">
<doc>Click the element identified by ``locator``.</doc>
<arguments>
<arg>${lnk_Login}</arg>
</arguments>
<msg timestamp="20210131 00:14:02.097" level="INFO">Clicking element '//a[text()='Log in']'.</msg>
<status status="PASS" starttime="20210131 00:14:02.097" endtime="20210131 00:14:03.328"></status>
</kw>
<kw name="Sleep" library="BuiltIn">
<doc>Pauses the test executed for the given time.</doc>
<arguments>
<arg>2s</arg>
</arguments>
<msg timestamp="20210131 00:14:05.345" level="INFO">Slept 2 seconds</msg>
<status status="PASS" starttime="20210131 00:14:03.328" endtime="20210131 00:14:05.345"></status>
</kw>
<kw name="Input Text" library="SeleniumLibrary">
<doc>Types the given ``text`` into the text field identified by ``locator``.</doc>
<arguments>
<arg>${input_username}</arg>
<arg>${username}</arg>
</arguments>
<msg timestamp="20210131 00:14:05.345" level="INFO">Typing text 'drongarg' into text field '//input[@id='wpName1']'.</msg>
<status status="PASS" starttime="20210131 00:14:05.345" endtime="20210131 00:14:05.441"></status>
</kw>
<kw name="Input Text" library="SeleniumLibrary">
<doc>Types the given ``text`` into the text field identified by ``locator``.</doc>
<arguments>
<arg>${input_password}</arg>
<arg>${password}</arg>
</arguments>
<msg timestamp="20210131 00:14:05.441" level="INFO">Typing text 'Yeknod@12344' into text field '//input[@id='wpPassword1']'.</msg>
<status status="PASS" starttime="20210131 00:14:05.441" endtime="20210131 00:14:05.523"></status>
</kw>
<kw name="Sleep" library="BuiltIn">
<doc>Pauses the test executed for the given time.</doc>
<arguments>
<arg>3s</arg>
</arguments>
<msg timestamp="20210131 00:14:08.527" level="INFO">Slept 3 seconds</msg>
<status status="PASS" starttime="20210131 00:14:05.523" endtime="20210131 00:14:08.527"></status>
</kw>
<kw name="Click Element" library="SeleniumLibrary">
<doc>Click the element identified by ``locator``.</doc>
<arguments>
<arg>${btn_login}</arg>
</arguments>
<msg timestamp="20210131 00:14:08.527" level="INFO">Clicking element '//button[@id='wpLoginAttempt']'.</msg>
<status status="PASS" starttime="20210131 00:14:08.527" endtime="20210131 00:14:10.683"></status>
</kw>
<status status="PASS" starttime="20210131 00:13:53.675" endtime="20210131 00:14:10.683"></status>
</kw>
<kw name="Validate Incorrect Password Message" library="Keyword.robot">
<kw name="Element Should Be Visible" library="SeleniumLibrary">
<doc>Verifies that the element identified by ``locator`` is visible.</doc>
<arguments>
<arg>${err_incorrectPassword}</arg>
</arguments>
<msg timestamp="20210131 00:14:10.715" level="INFO">Element '//div[contains(text(),'Incorrect username or password')]' is displayed.</msg>
<status status="PASS" starttime="20210131 00:14:10.691" endtime="20210131 00:14:10.715"></status>
</kw>
<status status="PASS" starttime="20210131 00:14:10.691" endtime="20210131 00:14:10.715"></status>
</kw>
<status status="PASS" starttime="20210131 00:13:53.675" endtime="20210131 00:14:10.715" critical="yes"></status>
</test>
<status status="PASS" starttime="20210131 00:13:28.017" endtime="20210131 00:14:10.715"></status>
</suite>
<statistics>
<total>
<stat pass="2" fail="0">Critical Tests</stat>
<stat pass="2" fail="0">All Tests</stat>
</total>
<tag>
</tag>
<suite>
<stat pass="2" fail="0" id="s1" name="Login">Login</stat>
</suite>
</statistics>
<errors>
</errors>
</robot>
